2025-08-17T00:27:35.702Z [INFO] [MaterialList][filterMaterials] material_filtering completed{  "performance": {    "label": "material_filtering",    "duration": "0ms"  }}
logger.ts:196 2025-08-17T00:27:35.703Z [INFO] [MaterialList][filterMaterials] material_filtering completed{  "performance": {    "label": "material_filtering",    "duration": "0ms"  }}
logger.ts:196 2025-08-17T00:27:35.722Z [INFO] [TabNavigation][hashRouting] Tab initialized from URL hash{  "initialTab": "material",  "performance": {    "timestamp": 1755390455722,    "memory": null  }}
logger.ts:196 2025-08-17T00:27:35.722Z [INFO] [ProductManagementPage][componentMount] Product Management Page mounted{  "initialTab": "material",  "performance": {    "timestamp": 1755390455722,    "memory": null  }}
logger.ts:196 2025-08-17T00:27:35.723Z [INFO] [ProductManagementPage][tabChange] User navigated to different tab{  "activeTab": "material",  "timestamp": 1755390455723,  "performance": {    "timestamp": 1755390455723,    "memory": null  }}
logger.ts:196 2025-08-17T00:27:36.467Z [INFO] [ProductManagementPage][handleTabChange] User initiated tab change{  "fromTab": "material",  "toTab": "category",  "userAction": "click",  "performance": {    "timestamp": 1755390456467,    "memory": null  }}
logger.ts:196 2025-08-17T00:27:36.468Z [INFO] [TabNavigation][switchTab] Switching active tab{  "fromTab": "material",  "toTab": "category",  "method": "hash_routing",  "performance": {    "timestamp": 1755390456468,    "memory": null  }}
logger.ts:196 2025-08-17T00:27:36.542Z [INFO] [ProductManagementPage][componentMount] Product Management Page mounted{  "initialTab": "category",  "performance": {    "timestamp": 1755390456542,    "memory": null  }}
logger.ts:196 2025-08-17T00:27:36.543Z [INFO] [ProductManagementPage][tabChange] User navigated to different tab{  "activeTab": "category",  "timestamp": 1755390456543,  "performance": {    "timestamp": 1755390456543,    "memory": null  }}
turbopack-hot-reloader-common.ts:41 [Fast Refresh] rebuilding
report-hmr-latency.ts:26 [Fast Refresh] done in 131ms
logger.ts:196 2025-08-17T00:27:37.584Z [INFO] [ProductManagementPage][handleTabChange] User initiated tab change{  "fromTab": "category",  "toTab": "material",  "userAction": "click",  "performance": {    "timestamp": 1755390457584,    "memory": null  }}
logger.ts:196 2025-08-17T00:27:37.585Z [INFO] [TabNavigation][switchTab] Switching active tab{  "fromTab": "category",  "toTab": "material",  "method": "hash_routing",  "performance": {    "timestamp": 1755390457585,    "memory": null  }}
logger.ts:196 2025-08-17T00:27:37.651Z [INFO] [MaterialList][filterMaterials] material_filtering completed{  "performance": {    "label": "material_filtering",    "duration": "0ms"  }}
logger.ts:196 2025-08-17T00:27:37.651Z [INFO] [MaterialList][filterMaterials] material_filtering completed{  "performance": {    "label": "material_filtering",    "duration": "0ms"  }}
logger.ts:196 2025-08-17T00:27:37.659Z [INFO] [ProductManagementPage][componentMount] Product Management Page mounted{  "initialTab": "material",  "performance": {    "timestamp": 1755390457659,    "memory": null  }}
logger.ts:196 2025-08-17T00:27:37.659Z [INFO] [ProductManagementPage][tabChange] User navigated to different tab{  "activeTab": "material",  "timestamp": 1755390457659,  "performance": {    "timestamp": 1755390457659,    "memory": null  }}
logger.ts:196 2025-08-17T00:27:37.685Z [INFO] [useMaterials][getMaterials] Materials query completed successfully{  "performance": {    "label": "materials_query",    "duration": "1969ms"  }}
logger.ts:196 2025-08-17T00:27:37.685Z [INFO] [useMaterials][getMaterials] Materials fetched successfully{  "count": 0,  "duration": "1969ms",  "hasFilters": false,  "performance": {    "timestamp": 1755390457685,    "memory": null  }}
logger.ts:196 2025-08-17T00:27:37.687Z [INFO] [MaterialList][filterMaterials] material_filtering completed{  "performance": {    "label": "material_filtering",    "duration": "0ms"  }}
logger.ts:196 2025-08-17T00:27:37.688Z [INFO] [MaterialList][renderEmptyState] Rendering empty state{  "hasSearch": false,  "searchTerm": "",  "totalMaterials": 0,  "isFiltered": false,  "performance": {    "timestamp": 1755390457688,    "memory": null  }}
logger.ts:196 2025-08-17T00:27:37.688Z [INFO] [MaterialList][filterMaterials] material_filtering completed{  "performance": {    "label": "material_filtering",    "duration": "0ms"  }}
logger.ts:196 2025-08-17T00:27:37.688Z [INFO] [MaterialList][renderEmptyState] Rendering empty state{  "hasSearch": false,  "searchTerm": "",  "totalMaterials": 0,  "isFiltered": false,  "performance": {    "timestamp": 1755390457688,    "memory": null  }}
logger.ts:196 2025-08-17T00:27:38.806Z [INFO] [ProductManagementPage][handleTabChange] User initiated tab change{  "fromTab": "material",  "toTab": "category",  "userAction": "click",  "performance": {    "timestamp": 1755390458806,    "memory": null  }}
logger.ts:196 2025-08-17T00:27:38.807Z [INFO] [TabNavigation][switchTab] Switching active tab{  "fromTab": "material",  "toTab": "category",  "method": "hash_routing",  "performance": {    "timestamp": 1755390458807,    "memory": null  }}
logger.ts:196 2025-08-17T00:27:38.850Z [INFO] [ProductManagementPage][componentMount] Product Management Page mounted{  "initialTab": "category",  "performance": {    "timestamp": 1755390458850,    "memory": null  }}
logger.ts:196 2025-08-17T00:27:38.851Z [INFO] [ProductManagementPage][tabChange] User navigated to different tab{  "activeTab": "category",  "timestamp": 1755390458851,  "performance": {    "timestamp": 1755390458851,    "memory": null  }}
logger.ts:196 2025-08-17T00:27:39.190Z [INFO] [ProductManagementPage][handleTabChange] User initiated tab change{  "fromTab": "category",  "toTab": "color",  "userAction": "click",  "performance": {    "timestamp": 1755390459190,    "memory": null  }}
logger.ts:196 2025-08-17T00:27:39.191Z [INFO] [TabNavigation][switchTab] Switching active tab{  "fromTab": "category",  "toTab": "color",  "method": "hash_routing",  "performance": {    "timestamp": 1755390459191,    "memory": null  }}
logger.ts:196 2025-08-17T00:27:39.248Z [INFO] [ProductManagementPage][componentMount] Product Management Page mounted{  "initialTab": "color",  "performance": {    "timestamp": 1755390459248,    "memory": null  }}
logger.ts:196 2025-08-17T00:27:39.248Z [INFO] [ProductManagementPage][tabChange] User navigated to different tab{  "activeTab": "color",  "timestamp": 1755390459248,  "performance": {    "timestamp": 1755390459248,    "memory": null  }}
logger.ts:196 2025-08-17T00:27:40.012Z [INFO] [ProductManagementPage][handleTabChange] User initiated tab change{  "fromTab": "color",  "toTab": "material",  "userAction": "click",  "performance": {    "timestamp": 1755390460012,    "memory": null  }}
logger.ts:196 2025-08-17T00:27:40.013Z [INFO] [TabNavigation][switchTab] Switching active tab{  "fromTab": "color",  "toTab": "material",  "method": "hash_routing",  "performance": {    "timestamp": 1755390460013,    "memory": null  }}
logger.ts:196 2025-08-17T00:27:40.054Z [INFO] [MaterialList][filterMaterials] material_filtering completed{  "performance": {    "label": "material_filtering",    "duration": "0ms"  }}
logger.ts:196 2025-08-17T00:27:40.054Z [INFO] [MaterialList][renderEmptyState] Rendering empty state{  "hasSearch": false,  "searchTerm": "",  "totalMaterials": 0,  "isFiltered": false,  "performance": {    "timestamp": 1755390460054,    "memory": null  }}
logger.ts:196 2025-08-17T00:27:40.054Z [INFO] [MaterialList][filterMaterials] material_filtering completed{  "performance": {    "label": "material_filtering",    "duration": "0ms"  }}
logger.ts:196 2025-08-17T00:27:40.055Z [INFO] [MaterialList][renderEmptyState] Rendering empty state{  "hasSearch": false,  "searchTerm": "",  "totalMaterials": 0,  "isFiltered": false,  "performance": {    "timestamp": 1755390460055,    "memory": null  }}
logger.ts:196 2025-08-17T00:27:40.067Z [INFO] [ProductManagementPage][componentMount] Product Management Page mounted{  "initialTab": "material",  "performance": {    "timestamp": 1755390460067,    "memory": null  }}
logger.ts:196 2025-08-17T00:27:40.068Z [INFO] [ProductManagementPage][tabChange] User navigated to different tab{  "activeTab": "material",  "timestamp": 1755390460068,  "performance": {    "timestamp": 1755390460068,    "memory": null  }}
logger.ts:196 2025-08-17T00:27:41.370Z [INFO] [MaterialManagement][handleAddMaterial] User initiated add material workflow{  "currentMode": "view",  "materialsCount": 0,  "performance": {    "timestamp": 1755390461370,    "memory": null  }}
logger.ts:196 2025-08-17T00:27:41.404Z [INFO] [MaterialForm][formInitialization] Form initialized for adding new material{  "defaultUnit": "meter",  "performance": {    "timestamp": 1755390461404,    "memory": null  }}
logger.ts:196 2025-08-17T00:27:41.406Z [INFO] [MaterialForm][formInitialization] Form initialized for adding new material{  "defaultUnit": "meter",  "performance": {    "timestamp": 1755390461406,    "memory": null  }}
logger.ts:196 2025-08-17T00:28:01.204Z [INFO] [MaterialForm][handleSubmit] User initiated form submission{  "mode": "add",  "materialName": "Kain katun",  "performance": {    "timestamp": 1755390481204,    "memory": null  }}
logger.ts:196 2025-08-17T00:28:01.205Z [INFO] [MaterialForm][validateForm] form_validation completed{  "performance": {    "label": "form_validation",    "duration": "0ms"  }}
logger.ts:196 2025-08-17T00:28:01.205Z [INFO] [MaterialForm][validateForm] Form validation completed{  "isValid": true,  "errorCount": 0,  "errors": [],  "duration": "0ms",  "performance": {    "timestamp": 1755390481205,    "memory": null  }}
logger.ts:196 2025-08-17T00:28:01.206Z [INFO] [MaterialManagement][handleFormSubmit] Starting material form submission{  "mode": "add",  "materialName": "Kain katun",  "pricePerUnit": 900000,  "unit": "meter",  "performance": {    "timestamp": 1755390481206,    "memory": null  }}
logger.ts:196 2025-08-17T00:28:01.244Z [INFO] [useMaterials][createMaterial] Starting material creation{  "name": "Kain katun",  "unit": "meter",  "performance": {    "timestamp": 1755390481244,    "memory": null  }}
logger.ts:196 2025-08-17T00:28:02.863Z [INFO] [useMaterials][createMaterial] Material created successfully{  "materialId": "5eb083f2-c7b2-43e9-9487-33bd51edf54e",  "name": "Kain katun",  "performance": {    "timestamp": 1755390482863,    "memory": null  }}
logger.ts:196 2025-08-17T00:28:02.868Z [INFO] [MaterialManagement][handleFormSubmit] Material creation completed successfully{  "performance": {    "label": "material_form_submit",    "duration": "1662ms"  }}
logger.ts:196 2025-08-17T00:28:02.868Z [INFO] [MaterialManagement][handleFormSubmit] Material created successfully{  "materialName": "Kain katun",  "duration": "1662ms",  "operation": "create",  "performance": {    "timestamp": 1755390482868,    "memory": null  }}
logger.ts:196 2025-08-17T00:28:02.869Z [INFO] [MaterialForm][handleSubmit] Form submission completed successfully{  "performance": {    "label": "form_submit",    "duration": "1665ms"  }}
logger.ts:196 2025-08-17T00:28:02.869Z [INFO] [MaterialForm][handleSubmit] Form submitted successfully{  "mode": "add",  "materialName": "Kain katun",  "duration": "1665ms",  "operation": "add",  "performance": {    "timestamp": 1755390482869,    "memory": null  }}
logger.ts:196 2025-08-17T00:28:02.875Z [INFO] [MaterialList][filterMaterials] material_filtering completed{  "performance": {    "label": "material_filtering",    "duration": "0ms"  }}
logger.ts:196 2025-08-17T00:28:02.879Z [INFO] [MaterialList][renderEmptyState] Rendering empty state{  "hasSearch": false,  "searchTerm": "",  "totalMaterials": 0,  "isFiltered": false,  "performance": {    "timestamp": 1755390482879,    "memory": null  }}
logger.ts:196 2025-08-17T00:28:02.881Z [INFO] [MaterialList][filterMaterials] material_filtering completed{  "performance": {    "label": "material_filtering",    "duration": "0ms"  }}
logger.ts:196 2025-08-17T00:28:02.884Z [INFO] [MaterialList][renderEmptyState] Rendering empty state{  "hasSearch": false,  "searchTerm": "",  "totalMaterials": 0,  "isFiltered": false,  "performance": {    "timestamp": 1755390482884,    "memory": null  }}
logger.ts:196 2025-08-17T00:28:03.822Z [INFO] [useMaterials][getMaterials] Materials query completed successfully{  "performance": {    "label": "materials_query",    "duration": "956ms"  }}
logger.ts:196 2025-08-17T00:28:03.823Z [INFO] [useMaterials][getMaterials] Materials fetched successfully{  "count": 1,  "duration": "956ms",  "hasFilters": false,  "performance": {    "timestamp": 1755390483823,    "memory": null  }}
logger.ts:196 2025-08-17T00:28:03.832Z [INFO] [MaterialList][filterMaterials] material_filtering completed{  "performance": {    "label": "material_filtering",    "duration": "0ms"  }}
logger.ts:196 2025-08-17T00:28:03.850Z [INFO] [MaterialList][filterMaterials] material_filtering completed{  "performance": {    "label": "material_filtering",    "duration": "0ms"  }}
logger.ts:196 2025-08-17T00:28:03.856Z [INFO] [MaterialList][materialsLoaded] Materials data loaded successfully{  "materialsCount": 1,  "materialNames": [    "Kain katun"  ],  "performance": {    "timestamp": 1755390483856,    "memory": null  }}
logger.ts:196 2025-08-17T00:28:03.860Z [INFO] [MaterialList][filterMaterials] material_filtering completed{  "performance": {    "label": "material_filtering",    "duration": "0ms"  }}
logger.ts:196 2025-08-17T00:28:03.861Z [INFO] [MaterialList][filterMaterials] material_filtering completed{  "performance": {    "label": "material_filtering",    "duration": "0ms"  }}
logger.ts:196 2025-08-17T00:28:17.996Z [INFO] [ProductManagementPage][handleTabChange] User initiated tab change{  "fromTab": "material",  "toTab": "category",  "userAction": "click",  "performance": {    "timestamp": 1755390497996,    "memory": null  }}
logger.ts:196 2025-08-17T00:28:17.996Z [INFO] [TabNavigation][switchTab] Switching active tab{  "fromTab": "material",  "toTab": "category",  "method": "hash_routing",  "performance": {    "timestamp": 1755390497996,    "memory": null  }}
logger.ts:196 2025-08-17T00:28:18.030Z [INFO] [ProductManagementPage][componentMount] Product Management Page mounted{  "initialTab": "category",  "performance": {    "timestamp": 1755390498030,    "memory": null  }}
logger.ts:196 2025-08-17T00:28:18.031Z [INFO] [ProductManagementPage][tabChange] User navigated to different tab{  "activeTab": "category",  "timestamp": 1755390498031,  "performance": {    "timestamp": 1755390498031,    "memory": null  }}
logger.ts:196 2025-08-17T00:28:20.186Z [INFO] [ProductManagementPage][handleTabChange] User initiated tab change{  "fromTab": "category",  "toTab": "material",  "userAction": "click",  "performance": {    "timestamp": 1755390500186,    "memory": null  }}
logger.ts:196 2025-08-17T00:28:20.187Z [INFO] [TabNavigation][switchTab] Switching active tab{  "fromTab": "category",  "toTab": "material",  "method": "hash_routing",  "performance": {    "timestamp": 1755390500187,    "memory": null  }}
logger.ts:196 2025-08-17T00:28:20.228Z [INFO] [MaterialList][filterMaterials] material_filtering completed{  "performance": {    "label": "material_filtering",    "duration": "0ms"  }}
logger.ts:196 2025-08-17T00:28:20.229Z [INFO] [MaterialList][filterMaterials] material_filtering completed{  "performance": {    "label": "material_filtering",    "duration": "0ms"  }}
logger.ts:196 2025-08-17T00:28:20.236Z [INFO] [MaterialList][materialsLoaded] Materials data loaded successfully{  "materialsCount": 1,  "materialNames": [    "Kain katun"  ],  "performance": {    "timestamp": 1755390500236,    "memory": null  }}
logger.ts:196 2025-08-17T00:28:20.239Z [INFO] [ProductManagementPage][componentMount] Product Management Page mounted{  "initialTab": "material",  "performance": {    "timestamp": 1755390500239,    "memory": null  }}
logger.ts:196 2025-08-17T00:28:20.240Z [INFO] [ProductManagementPage][tabChange] User navigated to different tab{  "activeTab": "material",  "timestamp": 1755390500240,  "performance": {    "timestamp": 1755390500240,    "memory": null  }}
logger.ts:196 2025-08-17T00:28:20.242Z [INFO] [MaterialList][materialsLoaded] Materials data loaded successfully{  "materialsCount": 1,  "materialNames": [    "Kain katun"  ],  "performance": {    "timestamp": 1755390500242,    "memory": null  }}
logger.ts:196 2025-08-17T00:29:17.850Z [INFO] [MaterialList][handleEdit] User initiated material edit{  "materialId": "5eb083f2-c7b2-43e9-9487-33bd51edf54e",  "materialName": "Kain katun",  "fromSearch": false,  "searchTerm": null,  "performance": {    "timestamp": 1755390557850,    "memory": null  }}
logger.ts:196 2025-08-17T00:29:17.851Z [INFO] [MaterialManagement][handleEditMaterial] User initiated edit material workflow{  "materialId": "5eb083f2-c7b2-43e9-9487-33bd51edf54e",  "materialName": "Kain katun",  "currentMode": "view",  "performance": {    "timestamp": 1755390557851,    "memory": null  }}
logger.ts:196 2025-08-17T00:29:17.883Z [INFO] [MaterialForm][formInitialization] Form initialized for editing{  "materialId": "5eb083f2-c7b2-43e9-9487-33bd51edf54e",  "materialName": "Kain katun",  "initialData": {    "name": "Kain katun",    "pricePerUnit": "900000",    "unit": "meter"  },  "performance": {    "timestamp": 1755390557883,    "memory": null  }}
logger.ts:196 2025-08-17T00:29:17.885Z [INFO] [MaterialForm][formInitialization] Form initialized for editing{  "materialId": "5eb083f2-c7b2-43e9-9487-33bd51edf54e",  "materialName": "Kain katun",  "initialData": {    "name": "Kain katun",    "pricePerUnit": "900000",    "unit": "meter"  },  "performance": {    "timestamp": 1755390557885,    "memory": null  }}
logger.ts:196 2025-08-17T00:29:31.367Z [INFO] [MaterialForm][handleSubmit] User initiated form submission{  "mode": "edit",  "materialId": "5eb083f2-c7b2-43e9-9487-33bd51edf54e",  "materialName": "Kain katun Lembut",  "performance": {    "timestamp": 1755390571367,    "memory": null  }}
logger.ts:196 2025-08-17T00:29:31.368Z [INFO] [MaterialForm][validateForm] form_validation completed{  "performance": {    "label": "form_validation",    "duration": "0ms"  }}
logger.ts:196 2025-08-17T00:29:31.368Z [INFO] [MaterialForm][validateForm] Form validation completed{  "isValid": true,  "errorCount": 0,  "errors": [],  "duration": "0ms",  "performance": {    "timestamp": 1755390571368,    "memory": null  }}
logger.ts:196 2025-08-17T00:29:31.369Z [INFO] [MaterialManagement][handleFormSubmit] Starting material form submission{  "mode": "edit",  "materialName": "Kain katun Lembut",  "materialId": "5eb083f2-c7b2-43e9-9487-33bd51edf54e",  "pricePerUnit": 50000,  "unit": "meter",  "performance": {    "timestamp": 1755390571369,    "memory": null  }}
logger.ts:196 2025-08-17T00:29:31.396Z [INFO] [useMaterials][updateMaterial] Starting material update{  "materialId": "5eb083f2-c7b2-43e9-9487-33bd51edf54e",  "changes": [    "name",    "pricePerUnit",    "unit"  ],  "performance": {    "timestamp": 1755390571396,    "memory": null  }}
turbopack-hot-reloader-common.ts:41 [Fast Refresh] rebuilding
report-hmr-latency.ts:26 [Fast Refresh] done in 4354ms
turbopack-hot-reloader-common.ts:41 [Fast Refresh] rebuilding
report-hmr-latency.ts:26 [Fast Refresh] done in 177ms
turbopack-hot-reloader-common.ts:41 [Fast Refresh] rebuilding
report-hmr-latency.ts:26 [Fast Refresh] done in 227ms
logger.ts:196 2025-08-17T00:29:39.604Z [INFO] [useMaterials][updateMaterial] Material updated successfully{  "materialId": "5eb083f2-c7b2-43e9-9487-33bd51edf54e",  "updatedFields": [    "name",    "pricePerUnit",    "unit"  ],  "performance": {    "timestamp": 1755390579604,    "memory": null  }}
logger.ts:196 2025-08-17T00:29:39.606Z [INFO] [MaterialManagement][handleFormSubmit] Material update completed successfully{  "performance": {    "label": "material_form_submit",    "duration": "8237ms"  }}
logger.ts:196 2025-08-17T00:29:39.606Z [INFO] [MaterialManagement][handleFormSubmit] Material updated successfully{  "materialId": "5eb083f2-c7b2-43e9-9487-33bd51edf54e",  "materialName": "Kain katun Lembut",  "duration": "8237ms",  "operation": "update",  "performance": {    "timestamp": 1755390579606,    "memory": null  }}
logger.ts:196 2025-08-17T00:29:39.607Z [INFO] [MaterialForm][handleSubmit] Form submission completed successfully{  "performance": {    "label": "form_submit",    "duration": "8240ms"  }}
logger.ts:196 2025-08-17T00:29:39.607Z [INFO] [MaterialForm][handleSubmit] Form submitted successfully{  "mode": "edit",  "materialName": "Kain katun Lembut",  "duration": "8240ms",  "operation": "edit",  "performance": {    "timestamp": 1755390579607,    "memory": null  }}
logger.ts:196 2025-08-17T00:29:39.613Z [INFO] [MaterialList][filterMaterials] material_filtering completed{  "performance": {    "label": "material_filtering",    "duration": "0ms"  }}
logger.ts:196 2025-08-17T00:29:39.618Z [INFO] [MaterialList][filterMaterials] material_filtering completed{  "performance": {    "label": "material_filtering",    "duration": "0ms"  }}
logger.ts:196 2025-08-17T00:29:39.638Z [INFO] [MaterialList][materialsLoaded] Materials data loaded successfully{  "materialsCount": 1,  "materialNames": [    "Kain katun"  ],  "performance": {    "timestamp": 1755390579638,    "memory": null  }}
logger.ts:196 2025-08-17T00:29:39.646Z [INFO] [MaterialList][materialsLoaded] Materials data loaded successfully{  "materialsCount": 1,  "materialNames": [    "Kain katun"  ],  "performance": {    "timestamp": 1755390579646,    "memory": null  }}
logger.ts:196 2025-08-17T00:29:40.682Z [INFO] [useMaterials][getMaterials] Materials query completed successfully{  "performance": {    "label": "materials_query",    "duration": "1077ms"  }}
logger.ts:196 2025-08-17T00:29:40.683Z [INFO] [useMaterials][getMaterials] Materials fetched successfully{  "count": 1,  "duration": "1077ms",  "hasFilters": false,  "performance": {    "timestamp": 1755390580683,    "memory": null  }}
logger.ts:196 2025-08-17T00:29:40.690Z [INFO] [MaterialList][filterMaterials] material_filtering completed{  "performance": {    "label": "material_filtering",    "duration": "0ms"  }}
logger.ts:196 2025-08-17T00:29:40.694Z [INFO] [MaterialList][filterMaterials] material_filtering completed{  "performance": {    "label": "material_filtering",    "duration": "0ms"  }}
logger.ts:196 2025-08-17T00:29:40.722Z [INFO] [MaterialList][materialsLoaded] Materials data loaded successfully{  "materialsCount": 1,  "materialNames": [    "Kain katun Lembut"  ],  "performance": {    "timestamp": 1755390580722,    "memory": null  }}
logger.ts:196 2025-08-17T00:29:40.728Z [INFO] [MaterialList][filterMaterials] material_filtering completed{  "performance": {    "label": "material_filtering",    "duration": "0ms"  }}
logger.ts:196 2025-08-17T00:29:40.738Z [INFO] [MaterialList][filterMaterials] material_filtering completed{  "performance": {    "label": "material_filtering",    "duration": "0ms"  }}
logger.ts:196 2025-08-17T00:29:54.756Z [INFO] [MaterialManagement][handleAddMaterial] User initiated add material workflow{  "currentMode": "view",  "materialsCount": 1,  "performance": {    "timestamp": 1755390594756,    "memory": null  }}
logger.ts:196 2025-08-17T00:29:54.790Z [INFO] [MaterialForm][formInitialization] Form initialized for adding new material{  "defaultUnit": "meter",  "performance": {    "timestamp": 1755390594790,    "memory": null  }}
logger.ts:196 2025-08-17T00:29:54.796Z [INFO] [MaterialForm][formInitialization] Form initialized for adding new material{  "defaultUnit": "meter",  "performance": {    "timestamp": 1755390594796,    "memory": null  }}
logger.ts:196 2025-08-17T00:30:09.152Z [INFO] [MaterialForm][handleSubmit] User initiated form submission{  "mode": "add",  "materialName": "Kain Wol",  "performance": {    "timestamp": 1755390609152,    "memory": null  }}
logger.ts:196 2025-08-17T00:30:09.154Z [INFO] [MaterialForm][validateForm] form_validation completed{  "performance": {    "label": "form_validation",    "duration": "1ms"  }}
logger.ts:196 2025-08-17T00:30:09.154Z [INFO] [MaterialForm][validateForm] Form validation completed{  "isValid": true,  "errorCount": 0,  "errors": [],  "duration": "1ms",  "performance": {    "timestamp": 1755390609154,    "memory": null  }}
logger.ts:196 2025-08-17T00:30:09.155Z [INFO] [MaterialManagement][handleFormSubmit] Starting material form submission{  "mode": "add",  "materialName": "Kain Wol",  "pricePerUnit": 20000,  "unit": "meter",  "performance": {    "timestamp": 1755390609155,    "memory": null  }}
logger.ts:196 2025-08-17T00:30:09.189Z [INFO] [useMaterials][createMaterial] Starting material creation{  "name": "Kain Wol",  "unit": "meter",  "performance": {    "timestamp": 1755390609189,    "memory": null  }}
turbopack-hot-reloader-common.ts:41 [Fast Refresh] rebuilding
report-hmr-latency.ts:26 [Fast Refresh] done in 142ms
logger.ts:196 2025-08-17T00:30:10.854Z [INFO] [useMaterials][createMaterial] Material created successfully{  "materialId": "1ffbf17a-4174-458c-93c0-57548873b902",  "name": "Kain Wol",  "performance": {    "timestamp": 1755390610854,    "memory": null  }}
logger.ts:196 2025-08-17T00:30:10.858Z [INFO] [MaterialManagement][handleFormSubmit] Material creation completed successfully{  "performance": {    "label": "material_form_submit",    "duration": "1703ms"  }}
logger.ts:196 2025-08-17T00:30:10.858Z [INFO] [MaterialManagement][handleFormSubmit] Material created successfully{  "materialName": "Kain Wol",  "duration": "1703ms",  "operation": "create",  "performance": {    "timestamp": 1755390610858,    "memory": null  }}
logger.ts:196 2025-08-17T00:30:10.859Z [INFO] [MaterialForm][handleSubmit] Form submission completed successfully{  "performance": {    "label": "form_submit",    "duration": "1707ms"  }}
logger.ts:196 2025-08-17T00:30:10.860Z [INFO] [MaterialForm][handleSubmit] Form submitted successfully{  "mode": "add",  "materialName": "Kain Wol",  "duration": "1707ms",  "operation": "add",  "performance": {    "timestamp": 1755390610860,    "memory": null  }}
logger.ts:196 2025-08-17T00:30:10.864Z [INFO] [MaterialList][filterMaterials] material_filtering completed{  "performance": {    "label": "material_filtering",    "duration": "0ms"  }}
logger.ts:196 2025-08-17T00:30:10.867Z [INFO] [MaterialList][filterMaterials] material_filtering completed{  "performance": {    "label": "material_filtering",    "duration": "0ms"  }}
logger.ts:196 2025-08-17T00:30:10.888Z [INFO] [MaterialList][materialsLoaded] Materials data loaded successfully{  "materialsCount": 1,  "materialNames": [    "Kain katun Lembut"  ],  "performance": {    "timestamp": 1755390610888,    "memory": null  }}
logger.ts:196 2025-08-17T00:30:10.896Z [INFO] [MaterialList][materialsLoaded] Materials data loaded successfully{  "materialsCount": 1,  "materialNames": [    "Kain katun Lembut"  ],  "performance": {    "timestamp": 1755390610896,    "memory": null  }}
logger.ts:196 2025-08-17T00:30:11.891Z [INFO] [useMaterials][getMaterials] Materials query completed successfully{  "performance": {    "label": "materials_query",    "duration": "1036ms"  }}
logger.ts:196 2025-08-17T00:30:11.891Z [INFO] [useMaterials][getMaterials] Materials fetched successfully{  "count": 2,  "duration": "1036ms",  "hasFilters": false,  "performance": {    "timestamp": 1755390611891,    "memory": null  }}
logger.ts:196 2025-08-17T00:30:11.901Z [INFO] [MaterialList][filterMaterials] material_filtering completed{  "performance": {    "label": "material_filtering",    "duration": "0ms"  }}
logger.ts:196 2025-08-17T00:30:11.910Z [INFO] [MaterialList][filterMaterials] material_filtering completed{  "performance": {    "label": "material_filtering",    "duration": "0ms"  }}
logger.ts:196 2025-08-17T00:30:11.939Z [INFO] [MaterialList][materialsLoaded] Materials data loaded successfully{  "materialsCount": 2,  "materialNames": [    "Kain Wol",    "Kain katun Lembut"  ],  "performance": {    "timestamp": 1755390611939,    "memory": null  }}
logger.ts:196 2025-08-17T00:30:11.946Z [INFO] [MaterialList][filterMaterials] material_filtering completed{  "performance": {    "label": "material_filtering",    "duration": "0ms"  }}
logger.ts:196 2025-08-17T00:30:11.949Z [INFO] [MaterialList][filterMaterials] material_filtering completed{  "performance": {    "label": "material_filtering",    "duration": "0ms"  }}
logger.ts:196 2025-08-17T00:30:19.188Z [INFO] [MaterialList][handleDelete] User initiated material deletion{  "materialId": "1ffbf17a-4174-458c-93c0-57548873b902",  "materialName": "Kain Wol",  "fromSearch": false,  "searchTerm": null,  "performance": {    "timestamp": 1755390619188,    "memory": null  }}
logger.ts:196 2025-08-17T00:30:19.189Z [INFO] [MaterialManagement][handleDeleteMaterial] User initiated delete material workflow{  "materialId": "1ffbf17a-4174-458c-93c0-57548873b902",  "materialName": "Kain Wol",  "currentMode": "view",  "performance": {    "timestamp": 1755390619189,    "memory": null  }}
logger.ts:196 2025-08-17T00:30:19.193Z [INFO] [MaterialList][filterMaterials] material_filtering completed{  "performance": {    "label": "material_filtering",    "duration": "0ms"  }}
logger.ts:196 2025-08-17T00:30:19.196Z [INFO] [MaterialList][filterMaterials] material_filtering completed{  "performance": {    "label": "material_filtering",    "duration": "0ms"  }}
alert-dialog.tsx:54 `AlertDialogContent` requires a description for the component to be accessible for screen reader users.
logger.ts:196 2025-08-17T00:30:20.594Z [INFO] [MaterialManagement][handleConfirmDelete] Starting material deletion{  "materialId": "1ffbf17a-4174-458c-93c0-57548873b902",  "materialName": "Kain Wol",  "performance": {    "timestamp": 1755390620594,    "memory": null  }}
logger.ts:196 2025-08-17T00:30:20.598Z [INFO] [MaterialList][filterMaterials] material_filtering completed{  "performance": {    "label": "material_filtering",    "duration": "0ms"  }}
logger.ts:196 2025-08-17T00:30:20.601Z [INFO] [MaterialList][filterMaterials] material_filtering completed{  "performance": {    "label": "material_filtering",    "duration": "0ms"  }}
logger.ts:196 2025-08-17T00:30:20.635Z [INFO] [useMaterials][deleteMaterial] Starting material deletion{  "materialId": "1ffbf17a-4174-458c-93c0-57548873b902",  "performance": {    "timestamp": 1755390620635,    "memory": null  }}
turbopack-hot-reloader-common.ts:41 [Fast Refresh] rebuilding
report-hmr-latency.ts:26 [Fast Refresh] done in 174ms
logger.ts:196 2025-08-17T00:30:23.096Z [INFO] [useMaterials][deleteMaterial] Material deleted successfully{  "materialId": "1ffbf17a-4174-458c-93c0-57548873b902",  "performance": {    "timestamp": 1755390623096,    "memory": null  }}
logger.ts:196 2025-08-17T00:30:23.100Z [INFO] [MaterialManagement][handleConfirmDelete] Material deletion completed successfully{  "performance": {    "label": "material_delete",    "duration": "2506ms"  }}
logger.ts:196 2025-08-17T00:30:23.100Z [INFO] [MaterialManagement][handleConfirmDelete] Material deleted successfully{  "materialId": "1ffbf17a-4174-458c-93c0-57548873b902",  "materialName": "Kain Wol",  "duration": "2506ms",  "performance": {    "timestamp": 1755390623100,    "memory": null  }}
logger.ts:196 2025-08-17T00:30:23.112Z [INFO] [MaterialList][filterMaterials] material_filtering completed{  "performance": {    "label": "material_filtering",    "duration": "0ms"  }}
logger.ts:196 2025-08-17T00:30:23.120Z [INFO] [MaterialList][filterMaterials] material_filtering completed{  "performance": {    "label": "material_filtering",    "duration": "0ms"  }}
logger.ts:196 2025-08-17T00:30:24.030Z [INFO] [useMaterials][getMaterials] Materials query completed successfully{  "performance": {    "label": "materials_query",    "duration": "933ms"  }}
logger.ts:196 2025-08-17T00:30:24.030Z [INFO] [useMaterials][getMaterials] Materials fetched successfully{  "count": 1,  "duration": "933ms",  "hasFilters": false,  "performance": {    "timestamp": 1755390624030,    "memory": null  }}
logger.ts:196 2025-08-17T00:30:24.036Z [INFO] [MaterialList][filterMaterials] material_filtering completed{  "performance": {    "label": "material_filtering",    "duration": "0ms"  }}
logger.ts:196 2025-08-17T00:30:24.039Z [INFO] [MaterialList][filterMaterials] material_filtering completed{  "performance": {    "label": "material_filtering",    "duration": "0ms"  }}
logger.ts:196 2025-08-17T00:30:24.060Z [INFO] [MaterialList][materialsLoaded] Materials data loaded successfully{  "materialsCount": 1,  "materialNames": [    "Kain katun Lembut"  ],  "performance": {    "timestamp": 1755390624060,    "memory": null  }}