[Fast Refresh] rebuilding
report-hmr-latency.ts:26 [Fast Refresh] done in 163ms
turbopack-hot-reloader-common.ts:41 [Fast Refresh] rebuilding
report-hmr-latency.ts:26 [Fast Refresh] done in 2998ms
turbopack-hot-reloader-common.ts:41 [Fast Refresh] rebuilding
report-hmr-latency.ts:26 [Fast Refresh] done in 157ms
ActionButtonPanel.tsx:37 📦 Processing return Object
turbopack-hot-reloader-common.ts:41 [Fast Refresh] rebuilding
report-hmr-latency.ts:26 [Fast Refresh] done in 3315ms
turbopack-hot-reloader-common.ts:41 [Fast Refresh] rebuilding
report-hmr-latency.ts:26 [Fast Refresh] done in 194ms
turbopack-hot-reloader-common.ts:41 [Fast Refresh] rebuilding
report-hmr-latency.ts:26 [Fast Refresh] done in 181ms
turbopack-hot-reloader-common.ts:41 [Fast Refresh] rebuilding
report-hmr-latency.ts:26 [Fast Refresh] done in 124ms
logger.ts:196 2025-08-12T05:21:39.170Z [INFO] [kasir:return-process][transaction loading] [KASIR] Transaction loaded for return process{  "transactionId": "TXN-20250809-001",  "itemCount": 2,  "processableItemCount": 2,  "hasItems": true,  "transactionStatus": "active",  "loadingSource": "url-parameter",  "itemStatuses": [    {      "id": "b3221755-304e-4a81-93f2-8589747c9f6b",      "productName": "Dress Elegant Red",      "jumlahDiambil": 2,      "statusKembali": "belum",      "canReturn": true    },    {      "id": "a2ff8f31-2f9e-4a07-8d0b-ac7446aa8f0c",      "productName": "Baju Merah",      "jumlahDiambil": 2,      "statusKembali": "belum",      "canReturn": true    }  ],  "performance": {    "timestamp": 1754976099170,    "memory": null  }}
logger.ts:196 2025-08-12T05:21:39.173Z [INFO] [kasir:return-process][transaction loading] [KASIR] Transaction set successfully - ready for return processing{  "transactionId": "TXN-20250809-001",  "processableItemCount": 2,  "hasProcessableItems": true,  "performance": {    "timestamp": 1754976099173,    "memory": null  }}
logger.ts:196 2025-08-12T05:21:39.250Z [INFO] [kasir:validation][validateAllItems] [KASIR] Form validation completed{  "transactionId": "TXN-20250809-001",  "isFormValid": false,  "canProceed": false,  "errorCount": 2,  "warningCount": 0,  "allItemsValid": false,  "validatedItemCount": 2,  "performance": {    "timestamp": 1754976099250,    "memory": null  }}
logger.ts:196 2025-08-12T05:21:43.113Z [INFO] [kasir:validation][validateAllItems] [KASIR] Form validation completed{  "transactionId": "TXN-20250809-001",  "isFormValid": false,  "canProceed": false,  "errorCount": 1,  "warningCount": 0,  "allItemsValid": false,  "validatedItemCount": 2,  "performance": {    "timestamp": 1754976103113,    "memory": null  }}
logger.ts:196 2025-08-12T05:21:46.091Z [INFO] [kasir:validation][validateAllItems] [KASIR] Form validation completed{  "transactionId": "TXN-20250809-001",  "isFormValid": true,  "canProceed": true,  "errorCount": 0,  "warningCount": 0,  "allItemsValid": true,  "validatedItemCount": 2,  "performance": {    "timestamp": 1754976106091,    "memory": null  }}
logger.ts:196 2025-08-12T05:21:49.002Z [INFO] [kasir:return-process][handleNext] [KASIR] Entered step: Hitung Penalty{  "step": 2,  "stepTitle": "Hitung Penalty",  "stepDescription": "Review penalty dan denda",  "transactionId": "TXN-20250809-001",  "itemCount": 2,  "performance": {    "timestamp": 1754976109002,    "memory": null  }}
logger.ts:196 2025-08-12T05:21:49.003Z [INFO] [kasir:penalty-calc][handleNext] [KASIR] Auto-triggering penalty calculation for step 2{  "transactionId": "TXN-20250809-001",  "itemConditionsCount": 2,  "performance": {    "timestamp": 1754976109003,    "memory": null  }}
logger.ts:196 2025-08-12T05:21:49.005Z [INFO] [kasir:validation][validateAllItems] [KASIR] Form validation completed{  "transactionId": "TXN-20250809-001",  "isFormValid": true,  "canProceed": true,  "errorCount": 0,  "warningCount": 0,  "allItemsValid": true,  "validatedItemCount": 2,  "performance": {    "timestamp": 1754976109005,    "memory": null  }}
logger.ts:196 2025-08-12T05:21:49.006Z [INFO] [kasir:penalty-calc][calculatePenalties] [KASIR] Starting client-side penalty calculation{  "transactionId": "TXN-20250809-001",  "itemCount": 2,  "processingMode": "client-side",  "performance": {    "timestamp": 1754976109006,    "memory": null  }}
logger.ts:196 2025-08-12T05:21:49.013Z [INFO] [kasir:penalty-calc][calculatePenalties] [KASIR] Client-side penalty calculation completed{  "totalPenalty": 10000,  "lateDays": 0,  "itemsProcessed": 2,  "conditionSplits": 2,  "processingMode": "client-side",  "performance": {    "timestamp": 1754976109013,    "memory": null  }}
logger.ts:196 2025-08-12T05:21:49.013Z [INFO] [kasir:performance][calculatePenalties] Client-side penalty calculation completed{  "performance": {    "label": "[KASIR] Client-side penalty calculation",    "duration": "8ms"  }}
logger.ts:196 2025-08-12T05:21:49.051Z [INFO] [kasir:penalty-calc][onPenaltyCalculated] [KASIR] Penalty calculation completed{  "transactionId": "TXN-20250809-001",  "totalPenalty": 10000,  "calculationMode": "unified",  "itemsWithPenalty": 2,  "hasCalculation": true,  "performance": {    "timestamp": 1754976109051,    "memory": null  }}
ReturnProcessPage.tsx:499 Penalty calculated: Objectbreakdown: (2) [{…}, {…}]calculationMetadata: {calculatedAt: '2025-08-12T05:21:49.012Z', processingMode: 'multi-condition', itemCount: 2, totalConditions: 2, hasLateItems: false, …}calculatedAt: "2025-08-12T05:21:49.012Z"conditionSplits: 2hasLateItems: falseitemCount: 2itemsProcessed: 2processingMode: "multi-condition"totalConditions: 2[[Prototype]]: ObjectconditionBreakdown: []lateDays: 0summary: {totalItems: 2, totalConditions: 4, onTimeItems: 2, lateItems: 0, damagedItems: 2, …}totalPenalty: 10000[[Prototype]]: Object
hook.js:377 2025-08-12T05:21:49.052Z [INFO] [kasir:penalty-calc][onPenaltyCalculated] [KASIR] Penalty calculation completed{  "transactionId": "TXN-20250809-001",  "totalPenalty": 10000,  "calculationMode": "unified",  "itemsWithPenalty": 2,  "hasCalculation": true,  "performance": {    "timestamp": 1754976109052,    "memory": null  }}
hook.js:377 Penalty calculated: Object
logger.ts:196 2025-08-12T05:21:53.189Z [INFO] [kasir:return-process][handleNext] [KASIR] Entered step: Konfirmasi{  "step": 3,  "stepTitle": "Konfirmasi",  "stepDescription": "Konfirmasi pengembalian",  "transactionId": "TXN-20250809-001",  "itemCount": 2,  "performance": {    "timestamp": 1754976113189,    "memory": null  }}
ReturnConfirmation.tsx:202 🎯 Processing return submission Objectattempt: 1transactionCode: "TXN-20250809-001"[[Prototype]]: Objectconstructor: ƒ Object()hasOwnProperty: ƒ hasOwnProperty()isPrototypeOf: ƒ isPrototypeOf()propertyIsEnumerable: ƒ propertyIsEnumerable()toLocaleString: ƒ toLocaleString()toString: ƒ toString()valueOf: ƒ valueOf()__defineGetter__: ƒ __defineGetter__()__defineSetter__: ƒ __defineSetter__()__lookupGetter__: ƒ __lookupGetter__()__lookupSetter__: ƒ __lookupSetter__()__proto__: (...)get __proto__: ƒ __proto__()set __proto__: ƒ __proto__()
logger.ts:196 2025-08-12T05:22:11.112Z [INFO] [kasir:return-process][processEnhancedReturn] [KASIR] Starting enhanced return processing{  "transactionId": "TXN-20250809-001",  "hasNotes": false,  "itemConditionsCount": 2,  "performance": {    "timestamp": 1754976131112,    "memory": null  }}
logger.ts:196 2025-08-12T05:22:11.113Z [INFO] [kasir:validation][validateAllItems] [KASIR] Form validation completed{  "transactionId": "TXN-20250809-001",  "isFormValid": true,  "canProceed": true,  "errorCount": 0,  "warningCount": 0,  "allItemsValid": true,  "validatedItemCount": 2,  "performance": {    "timestamp": 1754976131113,    "memory": null  }}
logger.ts:196 2025-08-12T05:22:11.163Z [INFO] [kasir:return-process][processReturnMutation] [KASIR] Starting unified return processing{  "transactionId": "TXN-20250809-001",  "itemCount": 2,  "performance": {    "timestamp": 1754976131163,    "memory": null  }}
logger.ts:196 2025-08-12T05:22:11.163Z [INFO] [kasir:api-calls][processEnhancedReturn] [KASIR] Starting enhanced return API call{  "transactionId": "TXN-20250809-001",  "itemCount": 2,  "totalConditions": 2,  "hasMultiConditions": false,  "hasNotes": false,  "performance": {    "timestamp": 1754976131163,    "memory": null  }}
turbopack-hot-reloader-common.ts:41 [Fast Refresh] rebuilding
report-hmr-latency.ts:26 [Fast Refresh] done in 4220ms
turbopack-hot-reloader-common.ts:41 [Fast Refresh] rebuilding
report-hmr-latency.ts:26 [Fast Refresh] done in 136ms
logger.ts:196 2025-08-12T05:22:32.017Z [INFO] [kasir:api-calls][processEnhancedReturn] [KASIR] Enhanced return API call completed{  "processingMode": "unified",  "totalPenalty": 10000,  "hasErrors": false,  "hasWarnings": false,  "performance": {    "timestamp": 1754976152017,    "memory": null  }}
logger.ts:196 2025-08-12T05:22:32.017Z [INFO] [kasir:performance][processEnhancedReturn] Enhanced return API call completed{  "performance": {    "label": "[KASIR] Enhanced return API call",    "duration": "20854ms"  }}
logger.ts:196 2025-08-12T05:22:32.018Z [INFO] [kasir:performance][processReturnMutation] Enhanced return processing completed{  "performance": {    "label": "[KASIR] Enhanced return processing",    "duration": "20855ms"  }}
logger.ts:196 2025-08-12T05:22:32.018Z [INFO] [kasir:return-process][onSuccess] [KASIR] Return processing completed successfully{  "transactionId": "TXN-20250809-001",  "itemsProcessed": 0,  "performance": {    "timestamp": 1754976152018,    "memory": null  }}
ReturnConfirmation.tsx:212 ✅ Return processing completed successfully
logger.ts:196 2025-08-12T05:22:35.025Z [INFO] [kasir:return-process][handleProcessComplete] [KASIR] Return process completed - resetting and closing{  "transactionId": "TXN-20250809-001",  "completedStep": 3,  "totalSteps": 3,  "hasItemConditions": true,  "itemConditionCount": 2,  "hasPenaltyCalculation": true,  "penaltyAmount": 10000,  "performance": {    "timestamp": 1754976155025,    "memory": null  }}
logger.ts:196 2025-08-12T05:22:35.093Z [INFO] [kasir:return-process][transaction loading] [KASIR] Transaction loaded for return process{  "transactionId": "TXN-20250809-001",  "itemCount": 2,  "processableItemCount": 2,  "hasItems": true,  "transactionStatus": "active",  "loadingSource": "url-parameter",  "itemStatuses": [    {      "id": "b3221755-304e-4a81-93f2-8589747c9f6b",      "productName": "Dress Elegant Red",      "jumlahDiambil": 2,      "statusKembali": "belum",      "canReturn": true    },    {      "id": "a2ff8f31-2f9e-4a07-8d0b-ac7446aa8f0c",      "productName": "Baju Merah",      "jumlahDiambil": 2,      "statusKembali": "belum",      "canReturn": true    }  ],  "performance": {    "timestamp": 1754976155093,    "memory": null  }}
logger.ts:196 2025-08-12T05:22:35.093Z [INFO] [kasir:return-process][transaction loading] [KASIR] Transaction set successfully - ready for return processing{  "transactionId": "TXN-20250809-001",  "processableItemCount": 2,  "hasProcessableItems": true,  "performance": {    "timestamp": 1754976155093,    "memory": null  }}
logger.ts:196 2025-08-12T05:22:35.212Z [INFO] [kasir:validation][validateAllItems] [KASIR] Form validation completed{  "transactionId": "TXN-20250809-001",  "isFormValid": false,  "canProceed": false,  "errorCount": 2,  "warningCount": 0,  "allItemsValid": false,  "validatedItemCount": 2,  "performance": {    "timestamp": 1754976155212,    "memory": null  }}
turbopack-hot-reloader-common.ts:41 [Fast Refresh] rebuilding
report-hmr-latency.ts:26 [Fast Refresh] done in 453ms