GET / 200 in 484ms
 GET /.well-known/appspecific/com.chrome.devtools.json 404 in 296ms
 GET /favicon.ico?favicon.45db1c09.ico 200 in 380ms
 GET /api/kasir/transaksi/TXN-20250730-002 200 in 3572ms
 │ GET https://api.clerk.com/v1/users/user_2zqMR8BytXixaDKNlvkF8Hm7pOp 2
                                                                       200 in 976ms (cache skip)
 │ │ Cache skipped reason: (auto no cache)
Error: Route "/api/kasir/transaksi/[kode]/ambil" used `params.kode`. `params` should be awaited before using its properties. Learn more: https://nextjs.org/docs/messages/sync-dynamic-apis
    at PATCH (app\api\kasir\transaksi\[kode]\ambil\route.ts:61:69)      
  59 |     let transaction
  60 |     try {
> 61 |       transaction = await transaksiService.getTransaksiByCode(params.kode)
     |                                                                  
   ^
  62 |     } catch {
  63 |       return NextResponse.json(
  64 |         {
 PATCH /api/kasir/transaksi/TXN-20250730-002/ambil 400 in 5169ms
Error: Route "/api/kasir/transaksi/[kode]/ambil" used `params.kode`. `params` should be awaited before using its properties. Learn more: https://nextjs.org/docs/messages/sync-dynamic-apis
    at PATCH (app\api\kasir\transaksi\[kode]\ambil\route.ts:61:69)      
  59 |     let transaction
  60 |     try {
> 61 |       transaction = await transaksiService.getTransaksiByCode(params.kode)
     |                                                                  
   ^
  62 |     } catch {
  63 |       return NextResponse.json(
  64 |         {
 PATCH /api/kasir/transaksi/TXN-20250730-002/ambil 200 in 9430ms
 PATCH /api/kasir/transaksi/TXN-20250730-002/ambil 401 in 174ms
 GET / 200 in 442ms
 GET /.well-known/appspecific/com.chrome.devtools.json 404 in 319ms
 GET /favicon.ico?favicon.45db1c09.ico 200 in 354ms
 PATCH /api/kasir/transaksi/TXN-20250730-002/ambil 400 in 140ms
Error: Route "/api/kasir/transaksi/[kode]/ambil" used `params.kode`. `params` should be awaited before using its properties. Learn more: https://nextjs.org/docs/messages/sync-dynamic-apis
    at PATCH (app\api\kasir\transaksi\[kode]\ambil\route.ts:61:69)      
  59 |     let transaction
  60 |     try {
> 61 |       transaction = await transaksiService.getTransaksiByCode(params.kode)
     |                                                                  
   ^
  62 |     } catch {
  63 |       return NextResponse.json(
  64 |         {
Error: Route "/api/kasir/transaksi/[kode]/ambil" used `params.kode`. `params` should be awaited before using its properties. Learn more: https://nextjs.org/docs/messages/sync-dynamic-apis
    at PATCH (app\api\kasir\transaksi\[kode]\ambil\route.ts:69:53)      
  67 |           error: {
  68 |             code: 'TRANSACTION_NOT_FOUND',
> 69 |             message: `Transaksi dengan kode ${params.kode} tidak ditemukan`
     |                                                     ^
  70 |           }
  71 |         },
  72 |         { status: 404 }
 PATCH /api/kasir/transaksi/TXN-20990101-999/ambil 404 in 2246ms        
 GET /api/kasir/transaksi/TXN-20250730-002/ambil 405 in 151ms
 GET /api/kasir/transaksi/TXN-20250730-002/ambil 405 in 146ms
Error: Route "/api/kasir/transaksi/[kode]/ambil" used `params.kode`. `params` should be awaited before using its properties. Learn more: https://nextjs.org/docs/messages/sync-dynamic-apis
    at PATCH (app\api\kasir\transaksi\[kode]\ambil\route.ts:61:69)      
  59 |     let transaction
  60 |     try {
> 61 |       transaction = await transaksiService.getTransaksiByCode(params.kode)
     |                                                                  
   ^
  62 |     } catch {
  63 |       return NextResponse.json(
  64 |         {
 PATCH /api/kasir/transaksi/TXN-20250730-002/ambil 400 in 5123ms
