2025-08-07T00:26:32.514Z [INFO] [API][PUT-pengembalian] Late return detected
{
  "requestId": "req-1754526391339-cyoo08xe8",
  "returnDate": "2025-08-07T00:26:29.027Z",
  "daysLate": 1,
  "performance": {
    "timestamp": 1754526392514,
    "memory": {
      "rss": 585703424,
      "heapTotal": 328572928,
      "heapUsed": 284535168,
      "external": 4464457,
      "arrayBuffers": 476241
    }
  }
}
2025-08-07T00:26:41.683Z [INFO] [API][PUT-pengembalian] API request completed successfully
{
  "performance": {
    "label": "total-api-request",
    "duration": "10344ms"
  }
}
2025-08-07T00:26:43.436Z [INFO] [API][PUT-pengembalian] API request started
{
  "requestId": "req-1754526403436-3jijrqlds",
  "timestamp": "2025-08-07T00:26:43.436Z",
  "userAgent": "Mozilla/5.0 (Windows NT 10.0; Win64; x64) AppleWebKit/537.36 (KHTML, like Gecko) Chrome/138.0.0.0 Safari/537.36",
  "contentLength": "163",
  "performance": {
    "timestamp": 1754526403436,
    "memory": {
      "rss": 575819776,
      "heapTotal": 295018496,
      "heapUsed": 284733632,
      "external": 4389350,
      "arrayBuffers": 419392
    }
  }
}
2025-08-07T00:26:43.881Z [INFO] [API][PUT-pengembalian] Late return detected
{
  "requestId": "req-1754526403436-3jijrqlds",
  "returnDate": "2025-08-07T00:26:29.027Z",
  "daysLate": 1,
  "performance": {
    "timestamp": 1754526403881,
    "memory": {
      "rss": 576032768,
      "heapTotal": 295018496,
      "heapUsed": 283959864,
      "external": 4406531,
      "arrayBuffers": 418315
    }
  }
}
2025-08-07T00:26:52.109Z [INFO] [API][PUT-pengembalian] API request started
{
  "requestId": "req-1754526412109-4tt45ivcq",
  "timestamp": "2025-08-07T00:26:52.109Z",
  "userAgent": "Mozilla/5.0 (Windows NT 10.0; Win64; x64) AppleWebKit/537.36 (KHTML, like Gecko) Chrome/138.0.0.0 Safari/537.36",
  "contentLength": "163",
  "performance": {
    "timestamp": 1754526412109,
    "memory": {
      "rss": 577265664,
      "heapTotal": 293445632,
      "heapUsed": 284608800,
      "external": 4423175,
      "arrayBuffers": 442225
    }
  }
}
2025-08-07T00:26:52.695Z [INFO] [API][PUT-pengembalian] Late return detected
{
  "requestId": "req-1754526412109-4tt45ivcq",
  "returnDate": "2025-08-07T00:26:29.027Z",
  "daysLate": 1,
  "performance": {
    "timestamp": 1754526412695,
    "memory": {
      "rss": 577306624,
      "heapTotal": 293707776,
      "heapUsed": 284831896,
      "external": 4443039,
      "arrayBuffers": 454823
    }
  }
}
