===  PROCESS RETURN -- SUCCESS 200 OK ===

2025-08-08T08:30:43.440Z [INFO] [API][PUT-pengembalian] API request started
{
  "requestId": "req-1754641843440-yxn5gde9a",
  "timestamp": "2025-08-08T08:30:43.440Z",
  "userAgent": "PostmanRuntime/7.45.0",
  "contentLength": "264",
  "performance": {
    "timestamp": 1754641843440,
    "memory": {
      "rss": 1139896320,
      "heapTotal": 184365056,
      "heapUsed": 175636312,
      "external": 7954583,
      "arrayBuffers": 3970136
    }
  }
}
2025-08-08T08:30:44.010Z [INFO] [API][PUT-pengembalian] Late return detected
{
  "requestId": "req-1754641843440-yxn5gde9a",
  "returnDate": "2025-08-04T10:00:00.000Z",
  "processingMode": "single-condition",
  "daysLate": 4,
  "performance": {
    "timestamp": 1754641844009,
    "memory": {
      "rss": 1141563392,
      "heapTotal": 185413632,
      "heapUsed": 175028392,
      "external": 7984968,
      "arrayBuffers": 3996752
    }
  }
}
2025-08-08T08:30:44.024Z [INFO] [API][PUT-pengembalian] Validation successful
{
  "requestId": "req-1754641843440-yxn5gde9a",
  "processingMode": "single-condition",
  "validationContext": "late",
  "itemCount": 1,
  "performance": {
    "timestamp": 1754641844024,
    "memory": {
      "rss": 1141579776,
      "heapTotal": 185413632,
      "heapUsed": 175187168,
      "external": 7984968,
      "arrayBuffers": 3996752
    }
  }
}
2025-08-08T08:30:52.853Z [DEBUG] [ReturnService][validateReturnProcessing] Return validation successful
{
  "transactionId": "61271177-99dd-4571-9382-5f6d0d748682",
  "itemsValidated": 1,
  "transactionStatus": "active",
  "performance": {
    "timestamp": 1754641852853,
    "memory": {
      "rss": 1138978816,
      "heapTotal": 185413632,
      "heapUsed": 175733296,
      "external": 7985039,
      "arrayBuffers": 3996823
    }
  }
}
2025-08-08T08:30:54.195Z [INFO] [ReturnService][processReturn] Return processing completed successfully
{
  "transactionId": "61271177-99dd-4571-9382-5f6d0d748682",
  "totalPenalty": 0,
  "itemsProcessed": 1,
  "processingTime": 5947,
  "performance": {
    "timestamp": 1754641854195,
    "memory": {
      "rss": 1138274304,
      "heapTotal": 185413632,
      "heapUsed": 176153376,
      "external": 7985096,
      "arrayBuffers": 3996880
    }
  }
}
2025-08-08T08:30:54.205Z [INFO] [API][PUT-pengembalian] Return processing completed
{
  "requestId": "req-1754641843440-yxn5gde9a",
  "processingMode": "single-condition",
  "success": true,
  "totalPenalty": 0,
  "processedItems": 1,
  "performance": {
    "timestamp": 1754641854205,
    "memory": {
      "rss": 1138274304,
      "heapTotal": 185413632,
      "heapUsed": 176175240,
      "external": 7985096,
      "arrayBuffers": 3996880
    }
  }
}
2025-08-08T08:30:54.219Z [INFO] [API][PUT-pengembalian] API request completed successfully
{
  "performance": {
    "label": "total-api-request",
    "duration": "10778ms"
  }
}

== PROCESS RETURN - LATE RETURN WITH PENALTY ==


2025-08-08T08:39:56.338Z [INFO] [API][PUT-pengembalian] API request started
{
  "requestId": "req-1754642396338-u4o0asa9w",
  "timestamp": "2025-08-08T08:39:56.338Z",
  "userAgent": "PostmanRuntime/7.45.0",
  "contentLength": "255",
  "performance": {
    "timestamp": 1754642396338,
    "memory": {
      "rss": 1142738944,
      "heapTotal": 187510784,
      "heapUsed": 174090240,
      "external": 4384179,
      "arrayBuffers": 384530
    }
  }
}
2025-08-08T08:39:57.274Z [INFO] [API][PUT-pengembalian] Scheduled return detected
{
  "requestId": "req-1754642396338-u4o0asa9w",
  "returnDate": "2025-08-09T10:00:00.000Z",
  "processingMode": "single-condition",
  "daysAhead": 2,
  "performance": {
    "timestamp": 1754642397274,
    "memory": {
      "rss": 1142738944,
      "heapTotal": 187510784,
      "heapUsed": 174103440,
      "external": 4404823,
      "arrayBuffers": 413224
    }
  }
}
2025-08-08T08:39:57.279Z [INFO] [API][PUT-pengembalian] Validation successful
{
  "requestId": "req-1754642396338-u4o0asa9w",
  "processingMode": "single-condition",
  "validationContext": "scheduled",
  "itemCount": 1,
  "performance": {
    "timestamp": 1754642397279,
    "memory": {
      "rss": 1142738944,
      "heapTotal": 187510784,
      "heapUsed": 174188248,
      "external": 4404823,
      "arrayBuffers": 413224
    }
  }
}
2025-08-08T08:40:03.895Z [DEBUG] [ReturnService][validateReturnProcessing] Return validation successful
{
  "transactionId": "1f397965-7a17-41b3-8414-bc974af17739",
  "itemsValidated": 1,
  "transactionStatus": "active",
  "performance": {
    "timestamp": 1754642403895,
    "memory": {
      "rss": 1142779904,
      "heapTotal": 187510784,
      "heapUsed": 174118000,
      "external": 4404894,
      "arrayBuffers": 407896
    }
  }
}
2025-08-08T08:40:05.240Z [INFO] [ReturnService][processReturn] Return processing completed successfully
{
  "transactionId": "1f397965-7a17-41b3-8414-bc974af17739",
  "totalPenalty": 0,
  "itemsProcessed": 1,
  "processingTime": 4908,
  "performance": {
    "timestamp": 1754642405240,
    "memory": {
      "rss": 1142829056,
      "heapTotal": 187510784,
      "heapUsed": 174508944,
      "external": 4396169,
      "arrayBuffers": 407953
    }
  }
}
2025-08-08T08:40:05.256Z [INFO] [API][PUT-pengembalian] Return processing completed
{
  "requestId": "req-1754642396338-u4o0asa9w",
  "processingMode": "single-condition",
  "success": true,
  "totalPenalty": 0,
  "processedItems": 1,
  "performance": {
    "timestamp": 1754642405256,
    "memory": {
      "rss": 1142829056,
      "heapTotal": 187510784,
      "heapUsed": 174530160,
      "external": 4396169,
      "arrayBuffers": 407953
    }
  }
}
2025-08-08T08:40:05.269Z [INFO] [API][PUT-pengembalian] API request completed successfully
{
  "performance": {
    "label": "total-api-request",
    "duration": "8931ms"
  }
}

== PROCESS RETURN - DAMAGED ITEMS ==

2025-08-08T08:47:07.018Z [INFO] [API][PUT-pengembalian] API request started
{
  "requestId": "req-1754642827018-klwydap7x",
  "timestamp": "2025-08-08T08:47:07.018Z",
  "userAgent": "PostmanRuntime/7.45.0",
  "contentLength": "220",
  "performance": {
    "timestamp": 1754642827018,
    "memory": {
      "rss": 1226985472,
      "heapTotal": 206417920,
      "heapUsed": 191005816,
      "external": 9182712,
      "arrayBuffers": 5194655
    }
  }
}
2025-08-08T08:47:07.657Z [INFO] [API][PUT-pengembalian] Validation successful
{
  "requestId": "req-1754642827018-klwydap7x",
  "processingMode": "single-condition",
  "validationContext": "flexible",
  "itemCount": 1,
  "performance": {
    "timestamp": 1754642827657,
    "memory": {
      "rss": 1226985472,
      "heapTotal": 206417920,
      "heapUsed": 190975176,
      "external": 9201378,
      "arrayBuffers": 5213162
    }
  }
}
2025-08-08T08:47:16.090Z [DEBUG] [ReturnService][validateReturnProcessing] Return validation successful
{
  "transactionId": "f3216171-d92e-4bca-866e-a352ce9c5749",
  "itemsValidated": 1,
  "transactionStatus": "active",
  "performance": {
    "timestamp": 1754642836090,
    "memory": {
      "rss": 1227038720,
      "heapTotal": 206417920,
      "heapUsed": 191464800,
      "external": 9201449,
      "arrayBuffers": 5213233
    }
  }
}
2025-08-08T08:47:18.695Z [INFO] [ReturnService][processReturn] Return processing completed successfully
{
  "transactionId": "f3216171-d92e-4bca-866e-a352ce9c5749",
  "totalPenalty": 10000,
  "itemsProcessed": 1,
  "processingTime": 7416,
  "performance": {
    "timestamp": 1754642838695,
    "memory": {
      "rss": 1224814592,
      "heapTotal": 206417920,
      "heapUsed": 191223392,
      "external": 9201506,
      "arrayBuffers": 5209828
    }
  }
}
2025-08-08T08:47:18.702Z [INFO] [API][PUT-pengembalian] Return processing completed
{
  "requestId": "req-1754642827018-klwydap7x",
  "processingMode": "single-condition",
  "success": true,
  "totalPenalty": 10000,
  "processedItems": 1,
  "performance": {
    "timestamp": 1754642838702,
    "memory": {
      "rss": 1224814592,
      "heapTotal": 206417920,
      "heapUsed": 191245432,
      "external": 9201506,
      "arrayBuffers": 5209828
    }
  }
}
2025-08-08T08:47:18.712Z [INFO] [API][PUT-pengembalian] API request completed successfully
{
  "performance": {
    "label": "total-api-request",
    "duration": "11694ms"
  }
}

== PROCESS RETURN - LOST ITEMS WITH MODAL AWAL  ==

2025-08-08T08:49:22.264Z [INFO] [API][PUT-pengembalian] API request started
{
  "requestId": "req-1754642962264-lvn2bugky",
  "timestamp": "2025-08-08T08:49:22.264Z",
  "userAgent": "PostmanRuntime/7.45.0",
  "contentLength": "220",
  "performance": {
    "timestamp": 1754642962264,
    "memory": {
      "rss": 1228517376,
      "heapTotal": 204320768,
      "heapUsed": 190017232,
      "external": 5951965,
      "arrayBuffers": 1964708
    }
  }
}
2025-08-08T08:49:23.132Z [INFO] [API][PUT-pengembalian] Validation successful
{
  "requestId": "req-1754642962264-lvn2bugky",
  "processingMode": "single-condition",
  "validationContext": "flexible",
  "itemCount": 1,
  "performance": {
    "timestamp": 1754642963132,
    "memory": {
      "rss": 1228521472,
      "heapTotal": 204320768,
      "heapUsed": 190591560,
      "external": 5973706,
      "arrayBuffers": 1985490
    }
  }
}
2025-08-08T08:49:29.781Z [DEBUG] [ReturnService][validateReturnProcessing] Return validation successful
{
  "transactionId": "c26b8f5a-8606-4980-b0f8-094d7e3aa9f8",
  "itemsValidated": 1,
  "transactionStatus": "active",
  "performance": {
    "timestamp": 1754642969781,
    "memory": {
      "rss": 1228525568,
      "heapTotal": 204320768,
      "heapUsed": 190377912,
      "external": 5968103,
      "arrayBuffers": 1979887
    }
  }
}
2025-08-08T08:49:31.097Z [INFO] [ReturnService][processReturn] Return processing completed successfully
{
  "transactionId": "c26b8f5a-8606-4980-b0f8-094d7e3aa9f8",
  "totalPenalty": 0,
  "itemsProcessed": 1,
  "processingTime": 4999,
  "performance": {
    "timestamp": 1754642971097,
    "memory": {
      "rss": 1228566528,
      "heapTotal": 204320768,
      "heapUsed": 190134512,
      "external": 5968160,
      "arrayBuffers": 1979823
    }
  }
}
2025-08-08T08:49:31.104Z [INFO] [API][PUT-pengembalian] Return processing completed
{
  "requestId": "req-1754642962264-lvn2bugky",
  "processingMode": "single-condition",
  "success": true,
  "totalPenalty": 0,
  "processedItems": 1,
  "performance": {
    "timestamp": 1754642971103,
    "memory": {
      "rss": 1228566528,
      "heapTotal": 204320768,
      "heapUsed": 190155696,
      "external": 5968160,
      "arrayBuffers": 1979823
    }
  }
}
2025-08-08T08:49:31.115Z [INFO] [API][PUT-pengembalian] API request completed successfully
{
  "performance": {
    "label": "total-api-request",
    "duration": "8851ms"
  }
}

== MULTI-CONDITION RETURN  - MIX GOOD + DAMAGED ITEMS  ==

2025-08-08T12:08:36.483Z [INFO] [API][PUT-pengembalian] Validation successful
{
  "requestId": "req-1754654915512-2wspqd25f",
  "processingMode": "multi-condition",
  "validationContext": "multi-condition",
  "itemCount": 1,
  "performance": {
    "timestamp": 1754654916483,
    "memory": {
      "rss": 366858240,
      "heapTotal": 245567488,
      "heapUsed": 220697944,
      "external": 4373755,
      "arrayBuffers": 382156
    }
  }
}
2025-08-08T12:08:42.827Z [WARN] [ReturnService][validateMultiConditionRequest] Multi-condition validation failed
{
  "transactionId": "e911d80e-b37b-4003-b7fa-86b90e02fb25",
  "processingMode": "multi-condition",
  "errorCount": 1,
  "itemsValidated": 1,
  "performance": {
    "timestamp": 1754654922827,
    "memory": {
      "rss": 367009792,
      "heapTotal": 245567488,
      "heapUsed": 221160912,
      "external": 4373826,
      "arrayBuffers": 382227
    }
  }
}
2025-08-08T12:08:42.838Z [WARN] [ReturnService][processEnhancedReturn] Enhanced return validation failed
{
  "transactionId": "e911d80e-b37b-4003-b7fa-86b90e02fb25",
  "processingMode": "multi-condition",
  "errorCount": 1,
  "processingTime": 3158,
  "performance": {
    "timestamp": 1754654922838,
    "memory": {
      "rss": 367009792,
      "heapTotal": 245567488,
      "heapUsed": 221176320,
      "external": 4373826,
      "arrayBuffers": 382227
    }
  }
}
2025-08-08T12:08:42.843Z [INFO] [API][PUT-pengembalian] Return processing completed
{
  "requestId": "req-1754654915512-2wspqd25f",
  "processingMode": "multi-condition",
  "success": false,
  "totalPenalty": 0,
  "processedItems": 0,
  "performance": {
    "timestamp": 1754654922843,
    "memory": {
      "rss": 367009792,
      "heapTotal": 245567488,
      "heapUsed": 221185008,
      "external": 4373826,
      "arrayBuffers": 382227
    }
  }
}
2025-08-08T12:08:42.864Z [INFO] [API][PUT-pengembalian] API request completed successfully
{
  "performance": {
    "label": "total-api-request",
    "duration": "7352ms"
  }
}

== MULTI-CONDITION RETURN  - COMPLEX SCENARIO ( gOOD + DAMAGED + LOST )   ==

2025-08-08T12:13:15.006Z [INFO] [API][PUT-pengembalian] API request started
{
  "requestId": "req-1754655195006-ra7bsoiqx",
  "timestamp": "2025-08-08T12:13:15.006Z",
  "userAgent": "PostmanRuntime/7.45.0",
  "contentLength": "585",
  "performance": {
    "timestamp": 1754655195006,
    "memory": {
      "rss": 437608448,
      "heapTotal": 299696128,
      "heapUsed": 268663352,
      "external": 4704643,
      "arrayBuffers": 720146
    }
  }
}
2025-08-08T12:13:16.074Z [INFO] [API][PUT-pengembalian] Validation successful
{
  "requestId": "req-1754655195006-ra7bsoiqx",
  "processingMode": "multi-condition",
  "validationContext": "multi-condition",
  "itemCount": 1,
  "performance": {
    "timestamp": 1754655196074,
    "memory": {
      "rss": 438562816,
      "heapTotal": 299696128,
      "heapUsed": 269614480,
      "external": 4728043,
      "arrayBuffers": 739787
    }
  }
}
2025-08-08T12:13:22.902Z [WARN] [ReturnService][validateMultiConditionRequest] Multi-condition validation failed
{
  "transactionId": "2331e10a-7808-4f5e-8df1-058fc7bad2ba",
  "processingMode": "multi-condition",
  "errorCount": 1,
  "itemsValidated": 1,
  "performance": {
    "timestamp": 1754655202902,
    "memory": {
      "rss": 438947840,
      "heapTotal": 299696128,
      "heapUsed": 269994984,
      "external": 4728157,
      "arrayBuffers": 739901
    }
  }
}
2025-08-08T12:13:22.912Z [WARN] [ReturnService][processEnhancedReturn] Enhanced return validation failed
{
  "transactionId": "2331e10a-7808-4f5e-8df1-058fc7bad2ba",
  "processingMode": "multi-condition",
  "errorCount": 1,
  "processingTime": 3385,
  "performance": {
    "timestamp": 1754655202912,
    "memory": {
      "rss": 438960128,
      "heapTotal": 299696128,
      "heapUsed": 270007104,
      "external": 4728157,
      "arrayBuffers": 739901
    }
  }
}
2025-08-08T12:13:22.924Z [INFO] [API][PUT-pengembalian] Return processing completed
{
  "requestId": "req-1754655195006-ra7bsoiqx",
  "processingMode": "multi-condition",
  "success": false,
  "totalPenalty": 0,
  "processedItems": 0,
  "performance": {
    "timestamp": 1754655202924,
    "memory": {
      "rss": 438972416,
      "heapTotal": 299696128,
      "heapUsed": 270016432,
      "external": 4728157,
      "arrayBuffers": 739901
    }
  }
}
2025-08-08T12:13:22.950Z [INFO] [API][PUT-pengembalian] API request completed successfully
{
  "performance": {
    "label": "total-api-request",
    "duration": "7943ms"
  }
}

== TSK-24: Mixed Mode Processing - Single and Multi-Condition Items   ==

2025-08-08T12:15:14.777Z [INFO] [API][PUT-pengembalian] API request started
{
  "requestId": "req-1754655314777-05zxxwr2z",
  "timestamp": "2025-08-08T12:15:14.777Z",
  "userAgent": "PostmanRuntime/7.45.0",
  "contentLength": "609",
  "performance": {
    "timestamp": 1754655314777,
    "memory": {
      "rss": 444801024,
      "heapTotal": 271384576,
      "heapUsed": 264719072,
      "external": 7871183,
      "arrayBuffers": 3886726
    }
  }
}
2025-08-08T12:15:15.333Z [INFO] [API][PUT-pengembalian] Validation successful
{
  "requestId": "req-1754655314777-05zxxwr2z",
  "processingMode": "mixed",
  "validationContext": "flexible",
  "itemCount": 2,
  "performance": {
    "timestamp": 1754655315333,
    "memory": {
      "rss": 445030400,
      "heapTotal": 271384576,
      "heapUsed": 264689240,
      "external": 7893930,
      "arrayBuffers": 3905714
    }
  }
}
2025-08-08T12:15:21.817Z [WARN] [ReturnService][validateMultiConditionRequest] Multi-condition validation failed
{
  "transactionId": "2331e10a-7808-4f5e-8df1-058fc7bad2ba",
  "processingMode": "mixed",
  "errorCount": 1,
  "itemsValidated": 2,
  "performance": {
    "timestamp": 1754655321817,
    "memory": {
      "rss": 445042688,
      "heapTotal": 271384576,
      "heapUsed": 264393992,
      "external": 7889722,
      "arrayBuffers": 3901506
    }
  }
}
2025-08-08T12:15:21.831Z [WARN] [ReturnService][processEnhancedReturn] Enhanced return validation failed
{
  "transactionId": "2331e10a-7808-4f5e-8df1-058fc7bad2ba",
  "processingMode": "mixed",
  "errorCount": 1,
  "processingTime": 3255,
  "performance": {
    "timestamp": 1754655321831,
    "memory": {
      "rss": 445042688,
      "heapTotal": 271384576,
      "heapUsed": 264402704,
      "external": 7889722,
      "arrayBuffers": 3901506
    }
  }
}
2025-08-08T12:15:21.853Z [INFO] [API][PUT-pengembalian] Return processing completed
{
  "requestId": "req-1754655314777-05zxxwr2z",
  "processingMode": "mixed",
  "success": false,
  "totalPenalty": 0,
  "processedItems": 0,
  "performance": {
    "timestamp": 1754655321852,
    "memory": {
      "rss": 445042688,
      "heapTotal": 271384576,
      "heapUsed": 264410304,
      "external": 7889722,
      "arrayBuffers": 3901506
    }
  }
}
2025-08-08T12:15:21.873Z [INFO] [API][PUT-pengembalian] API request completed successfully
{
  "performance": {
    "label": "total-api-request",
    "duration": "7095ms"
  }
}
