2025-07-17T12:01:34.710Z [ERROR] [ProductService][createProduct] Gagal membuat produk
{
  "error": {},
  "performance": {
    "timestamp": 1752753694709,
    "memory": {
      "rss": 950714368,
      "heapTotal": 139264000,
      "heapUsed": 131258328,
      "external": 19428144,
      "arrayBuffers": 6424131
    }
  }
}
2025-07-17T12:03:44.308Z [ERROR] [ProductService][createProduct] Gagal membuat produk
{
  "error": {},
  "performance": {
    "timestamp": 1752753824307,
    "memory": {
      "rss": 1006800896,
      "heapTotal": 145723392,
      "heapUsed": 135917304,
      "external": 23830032,
      "arrayBuffers": 6424151
    }
  }
}
2025-07-17T12:06:03.227Z [ERROR] [ProductService][createProduct] Gagal membuat produk
{
  "error": {},
  "performance": {
    "timestamp": 1752753963227,
    "memory": {
      "rss": 1007587328,
      "heapTotal": 150441984,
      "heapUsed": 139585816,
      "external": 6978540,
      "arrayBuffers": 3052252
    }
  }
}
2025-07-17T12:06:17.396Z [ERROR] [ProductService][createProduct] Gagal membuat produk
{
  "error": {},
  "performance": {
    "timestamp": 1752753977396,
    "memory": {
      "rss": 1006084096,
      "heapTotal": 149917696,
      "heapUsed": 137455528,
      "external": 4353776,
      "arrayBuffers": 424104
    }
  }
}
2025-07-17T12:06:33.953Z [ERROR] [ProductService][createProduct] Gagal membuat produk
{
  "error": {},
  "performance": {
    "timestamp": 1752753993952,
    "memory": {
      "rss": 1008050176,
      "heapTotal": 151162880,
      "heapUsed": 145321968,
      "external": 4387701,
      "arrayBuffers": 461413
    }
  }
}
2025-07-17T12:12:35.311Z [ERROR] [ProductService][createProduct] Gagal membuat produk
{
  "error": {
    "name": "PrismaClientValidationError",
    "clientVersion": "6.11.1"
  },
  "performance": {
    "timestamp": 1752754355311,
    "memory": {
      "rss": 1027600384,
      "heapTotal": 146771968,
      "heapUsed": 137509736,
      "external": 13370808,
      "arrayBuffers": 12462365
    }
  }
}
2025-07-17T12:13:00.445Z [ERROR] [ProductService][createProduct] Gagal membuat produk
{
  "error": {},
  "performance": {
    "timestamp": 1752754380445,
    "memory": {
      "rss": 1025622016,
      "heapTotal": 147034112,
      "heapUsed": 138565688,
      "external": 13417992,
      "arrayBuffers": 12506165
    }
  }
}
2025-07-17T12:13:24.680Z [ERROR] [ProductService][createProduct] Gagal membuat produk
{
  "error": {},
  "performance": {
    "timestamp": 1752754404680,
    "memory": {
      "rss": 1016344576,
      "heapTotal": 147296256,
      "heapUsed": 141157856,
      "external": 5147821,
      "arrayBuffers": 1221533
    }
  }
}
2025-07-17T12:13:45.234Z [ERROR] [ProductService][createProduct] Gagal membuat produk
{
  "error": {},
  "performance": {
    "timestamp": 1752754425234,
    "memory": {
      "rss": 1016328192,
      "heapTotal": 148344832,
      "heapUsed": 138116992,
      "external": 4352454,
      "arrayBuffers": 422782
    }
  }
}
2025-07-17T12:14:21.321Z [ERROR] [ProductService][createProduct] Gagal membuat produk
{
  "error": {
    "name": "PrismaClientValidationError",
    "clientVersion": "6.11.1"
  },
  "performance": {
    "timestamp": 1752754461321,
    "memory": {
      "rss": 1016393728,
      "heapTotal": 147296256,
      "heapUsed": 137747920,
      "external": 19418660,
      "arrayBuffers": 18506824
    }
  }
}
2025-07-17T12:19:06.034Z [ERROR] [ProductService][createProduct] Gagal membuat produk
{
  "error": {},
  "performance": {
    "timestamp": 1752754746034,
    "memory": {
      "rss": 1015693312,
      "heapTotal": 157859840,
      "heapUsed": 151642512,
      "external": 10395522,
      "arrayBuffers": 9483695
    }
  }
}
2025-07-17T12:19:18.835Z [ERROR] [ProductService][createProduct] Gagal membuat produk
{
  "error": {},
  "performance": {
    "timestamp": 1752754758835,
    "memory": {
      "rss": 1038110720,
      "heapTotal": 168804352,
      "heapUsed": 160046608,
      "external": 10421277,
      "arrayBuffers": 9512834
    }
  }
}
2025-07-17T12:19:42.841Z [ERROR] [ProductService][createProduct] Gagal membuat produk
{
  "error": {},
  "performance": {
    "timestamp": 1752754782841,
    "memory": {
      "rss": 1038036992,
      "heapTotal": 162054144,
      "heapUsed": 154569864,
      "external": 7022225,
      "arrayBuffers": 3092553
    }
  }
}
2025-07-17T12:19:52.594Z [ERROR] [ProductService][createProduct] Gagal membuat produk
{
  "error": {},
  "performance": {
    "timestamp": 1752754792594,
    "memory": {
      "rss": 1035517952,
      "heapTotal": 178307072,
      "heapUsed": 153127984,
      "external": 4520752,
      "arrayBuffers": 591080
    }
  }
}
2025-07-17T12:20:34.542Z [ERROR] [ProductService][createProduct] Gagal membuat produk
{
  "error": {},
  "performance": {
    "timestamp": 1752754834542,
    "memory": {
      "rss": 1044336640,
      "heapTotal": 171573248,
      "heapUsed": 165385360,
      "external": 5524438,
      "arrayBuffers": 1598150
    }
  }
}
2025-07-17T12:23:04.180Z [ERROR] [ProductService][createProduct] Failed to upload image
{
  "uploadError": {},
  "performance": {
    "timestamp": 1752754984180,
    "memory": {
      "rss": 1049993216,
      "heapTotal": 191676416,
      "heapUsed": 169472168,
      "external": 4518027,
      "arrayBuffers": 584962
    }
  }
}
2025-07-17T12:23:04.184Z [ERROR] [ProductService][createProduct] Gagal membuat produk
{
  "error": {},
  "performance": {
    "timestamp": 1752754984184,
    "memory": {
      "rss": 1049993216,
      "heapTotal": 191676416,
      "heapUsed": 169482112,
      "external": 4518027,
      "arrayBuffers": 584962
    }
  }
}
